2018-03-07 16:31:42,961 INFO o.a.j.u.JMeterUtils: Setting Locale to en_US
2018-03-07 16:31:42,974 INFO o.a.j.JMeter: Loading user properties from: user.properties
2018-03-07 16:31:42,974 INFO o.a.j.JMeter: Loading system properties from: system.properties
2018-03-07 16:31:42,974 INFO o.a.j.JMeter: Setting System property: sun.net.http.allowRestrictedHeaders=true
2018-03-07 16:31:42,980 INFO o.a.j.JMeter: Copyright (c) 1998-2018 The Apache Software Foundation
2018-03-07 16:31:42,980 INFO o.a.j.JMeter: Version 4.0 r1823414
2018-03-07 16:31:42,980 INFO o.a.j.JMeter: java.version=1.8.0_151
2018-03-07 16:31:42,980 INFO o.a.j.JMeter: java.vm.name=OpenJDK 64-Bit Server VM
2018-03-07 16:31:42,980 INFO o.a.j.JMeter: os.name=Linux
2018-03-07 16:31:42,980 INFO o.a.j.JMeter: os.arch=amd64
2018-03-07 16:31:42,980 INFO o.a.j.JMeter: os.version=4.4.0-116-generic
2018-03-07 16:31:42,980 INFO o.a.j.JMeter: file.encoding=UTF-8
2018-03-07 16:31:42,981 INFO o.a.j.JMeter: Max memory     =514850816
2018-03-07 16:31:42,981 INFO o.a.j.JMeter: Available Processors =4
2018-03-07 16:31:42,984 INFO o.a.j.JMeter: Default Locale=English (United States)
2018-03-07 16:31:42,984 INFO o.a.j.JMeter: JMeter  Locale=English (United States)
2018-03-07 16:31:42,984 INFO o.a.j.JMeter: JMeterHome=/home/lusithaperera/Documents/Performance Scripts/SMX/GitSample/target/jmeter
2018-03-07 16:31:42,984 INFO o.a.j.JMeter: user.dir  =/home/lusithaperera/Documents/Performance Scripts/SMX/GitSample/target/jmeter/bin
2018-03-07 16:31:42,985 INFO o.a.j.JMeter: PWD       =/home/lusithaperera/Documents/Performance Scripts/SMX/GitSample/target/jmeter/bin
2018-03-07 16:31:42,985 INFO o.a.j.JMeter: IP: 127.0.1.1 Name: admin FullName: admin
2018-03-07 16:31:42,986 INFO o.a.j.JMeter: Setting property 'jmeter.reportgenerator.outputdir' to:'/home/lusithaperera/Documents/Performance Scripts/SMX/GitSample/target/jmeter/reports/Summary Report_20180307_163142'
2018-03-07 16:31:42,988 INFO o.a.j.s.FileServer: Default base='/home/lusithaperera/Documents/Performance Scripts/SMX/GitSample/target/jmeter/bin'
2018-03-07 16:31:42,993 INFO o.a.j.s.FileServer: Set new base='/home/lusithaperera/Documents/Performance Scripts/SMX/GitSample/target/jmeter/testFiles'
2018-03-07 16:31:43,119 INFO o.a.j.s.SaveService: Testplan (JMX) version: 2.2. Testlog (JTL) version: 2.2
2018-03-07 16:31:43,130 INFO o.a.j.s.SaveService: Using SaveService properties file encoding UTF-8
2018-03-07 16:31:43,135 INFO o.a.j.s.SaveService: Using SaveService properties version 4.0
2018-03-07 16:31:43,141 INFO o.a.j.s.SaveService: Loading file: /home/lusithaperera/Documents/Performance Scripts/SMX/GitSample/target/jmeter/testFiles/Summary Report.jmx
2018-03-07 16:31:43,204 INFO o.a.j.JMeter: Creating summariser <summary>
2018-03-07 16:31:43,209 INFO o.a.j.r.d.ReportGenerator: ReportGenerator will use for Parsing the separator: ','
2018-03-07 16:31:43,209 INFO o.a.j.r.d.ReportGenerator: Will generate report at end of test from  results file: /home/lusithaperera/Documents/Performance Scripts/SMX/GitSample/target/jmeter/results/20180307-Summary Report.csv
2018-03-07 16:31:43,209 INFO o.a.j.r.d.ReportGenerator: Reading report generator properties from: /home/lusithaperera/Documents/Performance Scripts/SMX/GitSample/target/jmeter/bin/reportgenerator.properties
2018-03-07 16:31:43,210 INFO o.a.j.r.d.ReportGenerator: Merging with JMeter properties
2018-03-07 16:31:43,214 INFO o.a.j.r.c.ReportGeneratorConfiguration: Property 'jmeter.reportgenerator.temp_dir' not found, using default value 'temp' instead.
2018-03-07 16:31:43,216 INFO o.a.j.r.c.ReportGeneratorConfiguration: Property 'jmeter.reportgenerator.apdex_per_transaction' not found, using default value 'null' instead.
2018-03-07 16:31:43,219 INFO o.a.j.r.c.ReportGeneratorConfiguration: apdex_per_transaction : {} is empty, not APDEX per transaction customization
2018-03-07 16:31:43,219 INFO o.a.j.r.c.ReportGeneratorConfiguration: Property 'jmeter.reportgenerator.sample_filter' not found, using default value 'null' instead.
2018-03-07 16:31:43,220 INFO o.a.j.r.c.ReportGeneratorConfiguration: Property 'jmeter.reportgenerator.report_title' not found, using default value 'null' instead.
2018-03-07 16:31:43,220 INFO o.a.j.r.c.ReportGeneratorConfiguration: Property 'jmeter.reportgenerator.start_date' not found, using default value 'null' instead.
2018-03-07 16:31:43,220 INFO o.a.j.r.c.ReportGeneratorConfiguration: Property 'jmeter.reportgenerator.end_date' not found, using default value 'null' instead.
2018-03-07 16:31:43,220 INFO o.a.j.r.c.ReportGeneratorConfiguration: Property 'jmeter.reportgenerator.date_format' not found, using default value 'null' instead.
2018-03-07 16:31:43,220 INFO o.a.j.r.c.ReportGeneratorConfiguration: Will use date range start date: null, end date: null
2018-03-07 16:31:43,227 INFO o.a.j.r.c.ReportGeneratorConfiguration: Property 'jmeter.reportgenerator.graph.activeThreadsOverTime.exclude_controllers' not found, using default value 'false' instead.
2018-03-07 16:31:43,227 INFO o.a.j.r.c.ReportGeneratorConfiguration: Property 'jmeter.reportgenerator.graph.timeVsThreads.exclude_controllers' not found, using default value 'false' instead.
2018-03-07 16:31:43,227 INFO o.a.j.r.c.ReportGeneratorConfiguration: Property 'jmeter.reportgenerator.graph.responseTimeDistribution.exclude_controllers' not found, using default value 'false' instead.
2018-03-07 16:31:43,227 INFO o.a.j.r.c.ReportGeneratorConfiguration: Property 'jmeter.reportgenerator.graph.transactionsPerSecond.exclude_controllers' not found, using default value 'false' instead.
2018-03-07 16:31:43,227 INFO o.a.j.r.c.ReportGeneratorConfiguration: Property 'jmeter.reportgenerator.graph.responseTimePercentiles.exclude_controllers' not found, using default value 'false' instead.
2018-03-07 16:31:43,227 INFO o.a.j.r.c.ReportGeneratorConfiguration: Property 'jmeter.reportgenerator.graph.responseTimePercentilesOverTime.exclude_controllers' not found, using default value 'false' instead.
2018-03-07 16:31:43,228 INFO o.a.j.r.c.ReportGeneratorConfiguration: Property 'jmeter.reportgenerator.graph.responseTimesOverTime.exclude_controllers' not found, using default value 'false' instead.
2018-03-07 16:31:43,228 INFO o.a.j.r.c.ReportGeneratorConfiguration: Property 'jmeter.reportgenerator.graph.connectTimeOverTime.exclude_controllers' not found, using default value 'false' instead.
2018-03-07 16:31:43,228 INFO o.a.j.r.c.ReportGeneratorConfiguration: Property 'jmeter.reportgenerator.graph.latenciesOverTime.exclude_controllers' not found, using default value 'false' instead.
2018-03-07 16:31:43,229 INFO o.a.j.r.c.ReportGeneratorConfiguration: Property 'jmeter.reportgenerator.exporter.html.filters_only_sample_series' not found, using default value 'true' instead.
2018-03-07 16:31:43,229 INFO o.a.j.r.c.ReportGeneratorConfiguration: Property 'jmeter.reportgenerator.exporter.html.series_filter' not found, using default value '' instead.
2018-03-07 16:31:43,229 INFO o.a.j.r.c.ReportGeneratorConfiguration: Property 'jmeter.reportgenerator.exporter.html.show_controllers_only' not found, using default value 'false' instead.
2018-03-07 16:31:43,231 INFO o.a.j.e.DistributedRunner: Configuring remote engine: 10.168.141.76
2018-03-07 16:31:43,233 INFO o.a.j.r.RmiUtils: Disabling SSL for RMI as server.rmi.ssl.disable is set to 'true'
2018-03-07 16:31:43,743 ERROR o.a.j.e.DistributedRunner: Failed to create engine at 10.168.141.76
java.rmi.ConnectException: Connection refused to host: 10.168.141.76; nested exception is: 
	java.net.ConnectException: Connection refused (Connection refused)
	at sun.rmi.transport.tcp.TCPEndpoint.newSocket(TCPEndpoint.java:619) ~[?:1.8.0_151]
	at sun.rmi.transport.tcp.TCPChannel.createConnection(TCPChannel.java:216) ~[?:1.8.0_151]
	at sun.rmi.transport.tcp.TCPChannel.newConnection(TCPChannel.java:202) ~[?:1.8.0_151]
	at sun.rmi.server.UnicastRef.newCall(UnicastRef.java:338) ~[?:1.8.0_151]
	at sun.rmi.registry.RegistryImpl_Stub.lookup(RegistryImpl_Stub.java:112) ~[?:1.8.0_151]
	at org.apache.jmeter.engine.ClientJMeterEngine.getEngine(ClientJMeterEngine.java:70) ~[ApacheJMeter_core-4.0.jar:4.0 r1823414]
	at org.apache.jmeter.engine.ClientJMeterEngine.<init>(ClientJMeterEngine.java:83) ~[ApacheJMeter_core-4.0.jar:4.0 r1823414]
	at org.apache.jmeter.engine.DistributedRunner.createEngine(DistributedRunner.java:237) ~[ApacheJMeter_core-4.0.jar:4.0 r1823414]
	at org.apache.jmeter.engine.DistributedRunner.getClientEngine(DistributedRunner.java:213) [ApacheJMeter_core-4.0.jar:4.0 r1823414]
	at org.apache.jmeter.engine.DistributedRunner.init(DistributedRunner.java:93) [ApacheJMeter_core-4.0.jar:4.0 r1823414]
	at org.apache.jmeter.JMeter.runNonGui(JMeter.java:1011) [ApacheJMeter_core-4.0.jar:4.0 r1823414]
	at org.apache.jmeter.JMeter.startNonGui(JMeter.java:915) [ApacheJMeter_core-4.0.jar:4.0 r1823414]
	at org.apache.jmeter.JMeter.start(JMeter.java:543) [ApacheJMeter_core-4.0.jar:4.0 r1823414]
	at sun.reflect.NativeMethodAccessorImpl.invoke0(Native Method) ~[?:1.8.0_151]
	at sun.reflect.NativeMethodAccessorImpl.invoke(NativeMethodAccessorImpl.java:62) ~[?:1.8.0_151]
	at sun.reflect.DelegatingMethodAccessorImpl.invoke(DelegatingMethodAccessorImpl.java:43) ~[?:1.8.0_151]
	at java.lang.reflect.Method.invoke(Method.java:498) ~[?:1.8.0_151]
	at org.apache.jmeter.NewDriver.main(NewDriver.java:245) [ApacheJMeter-4.0.jar:4.0 r1823414]
Caused by: java.net.ConnectException: Connection refused (Connection refused)
	at java.net.PlainSocketImpl.socketConnect(Native Method) ~[?:1.8.0_151]
	at java.net.AbstractPlainSocketImpl.doConnect(AbstractPlainSocketImpl.java:350) ~[?:1.8.0_151]
	at java.net.AbstractPlainSocketImpl.connectToAddress(AbstractPlainSocketImpl.java:206) ~[?:1.8.0_151]
	at java.net.AbstractPlainSocketImpl.connect(AbstractPlainSocketImpl.java:188) ~[?:1.8.0_151]
	at java.net.SocksSocketImpl.connect(SocksSocketImpl.java:392) ~[?:1.8.0_151]
	at java.net.Socket.connect(Socket.java:589) ~[?:1.8.0_151]
	at java.net.Socket.connect(Socket.java:538) ~[?:1.8.0_151]
	at java.net.Socket.<init>(Socket.java:434) ~[?:1.8.0_151]
	at java.net.Socket.<init>(Socket.java:211) ~[?:1.8.0_151]
	at sun.rmi.transport.proxy.RMIDirectSocketFactory.createSocket(RMIDirectSocketFactory.java:40) ~[?:1.8.0_151]
	at sun.rmi.transport.proxy.RMIMasterSocketFactory.createSocket(RMIMasterSocketFactory.java:148) ~[?:1.8.0_151]
	at sun.rmi.transport.tcp.TCPEndpoint.newSocket(TCPEndpoint.java:613) ~[?:1.8.0_151]
	... 17 more
2018-03-07 16:31:43,756 ERROR o.a.j.u.JMeterUtils: Connection refused to host: 10.168.141.76; nested exception is: 
	java.net.ConnectException: Connection refused (Connection refused)
2018-03-07 16:31:43,757 INFO o.a.j.e.DistributedRunner: Failed to configure 10.168.141.76
2018-03-07 16:31:43,757 INFO o.a.j.e.DistributedRunner: Configuring remote engine: 10.168.142.128
2018-03-07 16:31:43,758 INFO o.a.j.r.RmiUtils: Disabling SSL for RMI as server.rmi.ssl.disable is set to 'true'
2018-03-07 16:31:44,159 ERROR o.a.j.e.DistributedRunner: Failed to create engine at 10.168.142.128
java.rmi.ConnectException: Connection refused to host: 10.168.142.128; nested exception is: 
	java.net.ConnectException: Connection refused (Connection refused)
	at sun.rmi.transport.tcp.TCPEndpoint.newSocket(TCPEndpoint.java:619) ~[?:1.8.0_151]
	at sun.rmi.transport.tcp.TCPChannel.createConnection(TCPChannel.java:216) ~[?:1.8.0_151]
	at sun.rmi.transport.tcp.TCPChannel.newConnection(TCPChannel.java:202) ~[?:1.8.0_151]
	at sun.rmi.server.UnicastRef.newCall(UnicastRef.java:338) ~[?:1.8.0_151]
	at sun.rmi.registry.RegistryImpl_Stub.lookup(RegistryImpl_Stub.java:112) ~[?:1.8.0_151]
	at org.apache.jmeter.engine.ClientJMeterEngine.getEngine(ClientJMeterEngine.java:70) ~[ApacheJMeter_core-4.0.jar:4.0 r1823414]
	at org.apache.jmeter.engine.ClientJMeterEngine.<init>(ClientJMeterEngine.java:83) ~[ApacheJMeter_core-4.0.jar:4.0 r1823414]
	at org.apache.jmeter.engine.DistributedRunner.createEngine(DistributedRunner.java:237) ~[ApacheJMeter_core-4.0.jar:4.0 r1823414]
	at org.apache.jmeter.engine.DistributedRunner.getClientEngine(DistributedRunner.java:213) [ApacheJMeter_core-4.0.jar:4.0 r1823414]
	at org.apache.jmeter.engine.DistributedRunner.init(DistributedRunner.java:93) [ApacheJMeter_core-4.0.jar:4.0 r1823414]
	at org.apache.jmeter.JMeter.runNonGui(JMeter.java:1011) [ApacheJMeter_core-4.0.jar:4.0 r1823414]
	at org.apache.jmeter.JMeter.startNonGui(JMeter.java:915) [ApacheJMeter_core-4.0.jar:4.0 r1823414]
	at org.apache.jmeter.JMeter.start(JMeter.java:543) [ApacheJMeter_core-4.0.jar:4.0 r1823414]
	at sun.reflect.NativeMethodAccessorImpl.invoke0(Native Method) ~[?:1.8.0_151]
	at sun.reflect.NativeMethodAccessorImpl.invoke(NativeMethodAccessorImpl.java:62) ~[?:1.8.0_151]
	at sun.reflect.DelegatingMethodAccessorImpl.invoke(DelegatingMethodAccessorImpl.java:43) ~[?:1.8.0_151]
	at java.lang.reflect.Method.invoke(Method.java:498) ~[?:1.8.0_151]
	at org.apache.jmeter.NewDriver.main(NewDriver.java:245) [ApacheJMeter-4.0.jar:4.0 r1823414]
Caused by: java.net.ConnectException: Connection refused (Connection refused)
	at java.net.PlainSocketImpl.socketConnect(Native Method) ~[?:1.8.0_151]
	at java.net.AbstractPlainSocketImpl.doConnect(AbstractPlainSocketImpl.java:350) ~[?:1.8.0_151]
	at java.net.AbstractPlainSocketImpl.connectToAddress(AbstractPlainSocketImpl.java:206) ~[?:1.8.0_151]
	at java.net.AbstractPlainSocketImpl.connect(AbstractPlainSocketImpl.java:188) ~[?:1.8.0_151]
	at java.net.SocksSocketImpl.connect(SocksSocketImpl.java:392) ~[?:1.8.0_151]
	at java.net.Socket.connect(Socket.java:589) ~[?:1.8.0_151]
	at java.net.Socket.connect(Socket.java:538) ~[?:1.8.0_151]
	at java.net.Socket.<init>(Socket.java:434) ~[?:1.8.0_151]
	at java.net.Socket.<init>(Socket.java:211) ~[?:1.8.0_151]
	at sun.rmi.transport.proxy.RMIDirectSocketFactory.createSocket(RMIDirectSocketFactory.java:40) ~[?:1.8.0_151]
	at sun.rmi.transport.proxy.RMIMasterSocketFactory.createSocket(RMIMasterSocketFactory.java:148) ~[?:1.8.0_151]
	at sun.rmi.transport.tcp.TCPEndpoint.newSocket(TCPEndpoint.java:613) ~[?:1.8.0_151]
	... 17 more
2018-03-07 16:31:44,162 ERROR o.a.j.u.JMeterUtils: Connection refused to host: 10.168.142.128; nested exception is: 
	java.net.ConnectException: Connection refused (Connection refused)
2018-03-07 16:31:44,163 INFO o.a.j.e.DistributedRunner: Failed to configure 10.168.142.128
2018-03-07 16:31:44,163 INFO o.a.j.e.DistributedRunner: Configuring remote engine: 10.168.139.126
2018-03-07 16:31:44,164 INFO o.a.j.r.RmiUtils: Disabling SSL for RMI as server.rmi.ssl.disable is set to 'true'
2018-03-07 16:31:44,577 ERROR o.a.j.e.DistributedRunner: Failed to create engine at 10.168.139.126
java.rmi.ConnectException: Connection refused to host: 10.168.139.126; nested exception is: 
	java.net.ConnectException: Connection refused (Connection refused)
	at sun.rmi.transport.tcp.TCPEndpoint.newSocket(TCPEndpoint.java:619) ~[?:1.8.0_151]
	at sun.rmi.transport.tcp.TCPChannel.createConnection(TCPChannel.java:216) ~[?:1.8.0_151]
	at sun.rmi.transport.tcp.TCPChannel.newConnection(TCPChannel.java:202) ~[?:1.8.0_151]
	at sun.rmi.server.UnicastRef.newCall(UnicastRef.java:338) ~[?:1.8.0_151]
	at sun.rmi.registry.RegistryImpl_Stub.lookup(RegistryImpl_Stub.java:112) ~[?:1.8.0_151]
	at org.apache.jmeter.engine.ClientJMeterEngine.getEngine(ClientJMeterEngine.java:70) ~[ApacheJMeter_core-4.0.jar:4.0 r1823414]
	at org.apache.jmeter.engine.ClientJMeterEngine.<init>(ClientJMeterEngine.java:83) ~[ApacheJMeter_core-4.0.jar:4.0 r1823414]
	at org.apache.jmeter.engine.DistributedRunner.createEngine(DistributedRunner.java:237) ~[ApacheJMeter_core-4.0.jar:4.0 r1823414]
	at org.apache.jmeter.engine.DistributedRunner.getClientEngine(DistributedRunner.java:213) [ApacheJMeter_core-4.0.jar:4.0 r1823414]
	at org.apache.jmeter.engine.DistributedRunner.init(DistributedRunner.java:93) [ApacheJMeter_core-4.0.jar:4.0 r1823414]
	at org.apache.jmeter.JMeter.runNonGui(JMeter.java:1011) [ApacheJMeter_core-4.0.jar:4.0 r1823414]
	at org.apache.jmeter.JMeter.startNonGui(JMeter.java:915) [ApacheJMeter_core-4.0.jar:4.0 r1823414]
	at org.apache.jmeter.JMeter.start(JMeter.java:543) [ApacheJMeter_core-4.0.jar:4.0 r1823414]
	at sun.reflect.NativeMethodAccessorImpl.invoke0(Native Method) ~[?:1.8.0_151]
	at sun.reflect.NativeMethodAccessorImpl.invoke(NativeMethodAccessorImpl.java:62) ~[?:1.8.0_151]
	at sun.reflect.DelegatingMethodAccessorImpl.invoke(DelegatingMethodAccessorImpl.java:43) ~[?:1.8.0_151]
	at java.lang.reflect.Method.invoke(Method.java:498) ~[?:1.8.0_151]
	at org.apache.jmeter.NewDriver.main(NewDriver.java:245) [ApacheJMeter-4.0.jar:4.0 r1823414]
Caused by: java.net.ConnectException: Connection refused (Connection refused)
	at java.net.PlainSocketImpl.socketConnect(Native Method) ~[?:1.8.0_151]
	at java.net.AbstractPlainSocketImpl.doConnect(AbstractPlainSocketImpl.java:350) ~[?:1.8.0_151]
	at java.net.AbstractPlainSocketImpl.connectToAddress(AbstractPlainSocketImpl.java:206) ~[?:1.8.0_151]
	at java.net.AbstractPlainSocketImpl.connect(AbstractPlainSocketImpl.java:188) ~[?:1.8.0_151]
	at java.net.SocksSocketImpl.connect(SocksSocketImpl.java:392) ~[?:1.8.0_151]
	at java.net.Socket.connect(Socket.java:589) ~[?:1.8.0_151]
	at java.net.Socket.connect(Socket.java:538) ~[?:1.8.0_151]
	at java.net.Socket.<init>(Socket.java:434) ~[?:1.8.0_151]
	at java.net.Socket.<init>(Socket.java:211) ~[?:1.8.0_151]
	at sun.rmi.transport.proxy.RMIDirectSocketFactory.createSocket(RMIDirectSocketFactory.java:40) ~[?:1.8.0_151]
	at sun.rmi.transport.proxy.RMIMasterSocketFactory.createSocket(RMIMasterSocketFactory.java:148) ~[?:1.8.0_151]
	at sun.rmi.transport.tcp.TCPEndpoint.newSocket(TCPEndpoint.java:613) ~[?:1.8.0_151]
	... 17 more
2018-03-07 16:31:44,580 ERROR o.a.j.u.JMeterUtils: Connection refused to host: 10.168.139.126; nested exception is: 
	java.net.ConnectException: Connection refused (Connection refused)
2018-03-07 16:31:44,580 INFO o.a.j.e.DistributedRunner: Failed to configure 10.168.139.126
2018-03-07 16:31:44,581 INFO o.a.j.e.DistributedRunner: Stopping remote engines
2018-03-07 16:31:44,582 INFO o.a.j.e.DistributedRunner: Remote engines have been stopped
2018-03-07 16:31:44,582 ERROR o.a.j.JMeter: Error in NonGUIDriver
java.lang.RuntimeException: Following remote engines could not be configured:[10.168.141.76, 10.168.142.128, 10.168.139.126]
	at org.apache.jmeter.engine.DistributedRunner.init(DistributedRunner.java:112) ~[ApacheJMeter_core-4.0.jar:4.0 r1823414]
	at org.apache.jmeter.JMeter.runNonGui(JMeter.java:1011) [ApacheJMeter_core-4.0.jar:4.0 r1823414]
	at org.apache.jmeter.JMeter.startNonGui(JMeter.java:915) [ApacheJMeter_core-4.0.jar:4.0 r1823414]
	at org.apache.jmeter.JMeter.start(JMeter.java:543) [ApacheJMeter_core-4.0.jar:4.0 r1823414]
	at sun.reflect.NativeMethodAccessorImpl.invoke0(Native Method) ~[?:1.8.0_151]
	at sun.reflect.NativeMethodAccessorImpl.invoke(NativeMethodAccessorImpl.java:62) ~[?:1.8.0_151]
	at sun.reflect.DelegatingMethodAccessorImpl.invoke(DelegatingMethodAccessorImpl.java:43) ~[?:1.8.0_151]
	at java.lang.reflect.Method.invoke(Method.java:498) ~[?:1.8.0_151]
	at org.apache.jmeter.NewDriver.main(NewDriver.java:245) [ApacheJMeter-4.0.jar:4.0 r1823414]
